Determining if the pthread_create exist failed with the following output:
Change Dir: /home/ahmed/stick_ws/build/CMakeFiles/CMakeTmp

Run Build Command:"/usr/bin/make" "cmTC_f9932/fast"
/usr/bin/make -f CMakeFiles/cmTC_f9932.dir/build.make CMakeFiles/cmTC_f9932.dir/build
make[1]: Entering directory '/home/ahmed/stick_ws/build/CMakeFiles/CMakeTmp'
Building C object CMakeFiles/cmTC_f9932.dir/CheckSymbolExists.c.o
/usr/bin/cc     -o CMakeFiles/cmTC_f9932.dir/CheckSymbolExists.c.o   -c /home/ahmed/stick_ws/build/CMakeFiles/CMakeTmp/CheckSymbolExists.c
Linking C executable cmTC_f9932
/usr/bin/cmake -E cmake_link_script CMakeFiles/cmTC_f9932.dir/link.txt --verbose=1
/usr/bin/cc       CMakeFiles/cmTC_f9932.dir/CheckSymbolExists.c.o  -o cmTC_f9932 -rdynamic 
CMakeFiles/cmTC_f9932.dir/CheckSymbolExists.c.o: In function `main':
CheckSymbolExists.c:(.text+0x16): undefined reference to `pthread_create'
collect2: error: ld returned 1 exit status
CMakeFiles/cmTC_f9932.dir/build.make:97: recipe for target 'cmTC_f9932' failed
make[1]: *** [cmTC_f9932] Error 1
make[1]: Leaving directory '/home/ahmed/stick_ws/build/CMakeFiles/CMakeTmp'
Makefile:126: recipe for target 'cmTC_f9932/fast' failed
make: *** [cmTC_f9932/fast] Error 2

File /home/ahmed/stick_ws/build/CMakeFiles/CMakeTmp/CheckSymbolExists.c:
/* */
#include <pthread.h>

int main(int argc, char** argv)
{
  (void)argv;
#ifndef pthread_create
  return ((int*)(&pthread_create))[argc];
#else
  (void)argc;
  return 0;
#endif
}

Determining if the function pthread_create exists in the pthreads failed with the following output:
Change Dir: /home/ahmed/stick_ws/build/CMakeFiles/CMakeTmp

Run Build Command:"/usr/bin/make" "cmTC_a3f9a/fast"
/usr/bin/make -f CMakeFiles/cmTC_a3f9a.dir/build.make CMakeFiles/cmTC_a3f9a.dir/build
make[1]: Entering directory '/home/ahmed/stick_ws/build/CMakeFiles/CMakeTmp'
Building C object CMakeFiles/cmTC_a3f9a.dir/CheckFunctionExists.c.o
/usr/bin/cc    -DCHECK_FUNCTION_EXISTS=pthread_create   -o CMakeFiles/cmTC_a3f9a.dir/CheckFunctionExists.c.o   -c /usr/share/cmake-3.5/Modules/CheckFunctionExists.c
Linking C executable cmTC_a3f9a
/usr/bin/cmake -E cmake_link_script CMakeFiles/cmTC_a3f9a.dir/link.txt --verbose=1
/usr/bin/cc   -DCHECK_FUNCTION_EXISTS=pthread_create    CMakeFiles/cmTC_a3f9a.dir/CheckFunctionExists.c.o  -o cmTC_a3f9a -rdynamic -lpthreads 
/usr/bin/ld: cannot find -lpthreads
collect2: error: ld returned 1 exit status
CMakeFiles/cmTC_a3f9a.dir/build.make:97: recipe for target 'cmTC_a3f9a' failed
make[1]: *** [cmTC_a3f9a] Error 1
make[1]: Leaving directory '/home/ahmed/stick_ws/build/CMakeFiles/CMakeTmp'
Makefile:126: recipe for target 'cmTC_a3f9a/fast' failed
make: *** [cmTC_a3f9a/fast] Error 2


